2016-09-12T19:21:26Z	tag	{"test":"DEF"}
2016-09-12T19:21:32Z	tag	{"test":"DEF"}
2016-09-12T19:22:10Z	tag	{"test":"DEF"}
2016-09-12T19:28:13Z	tag	{"test":"DEF"}
2016-09-12T19:28:19Z	tag	{"test":"DEF"}
2016-09-12T19:36:12Z	fluent.info	{"message":"shutting down fluentd"}
2016-09-12T19:36:12Z	fluent.info	{"type":"http","plugin_id":"object:2af72fa73130","message":"shutting down input type=\"http\" plugin_id=\"object:2af72fa73130\""}
2016-09-12T19:36:24Z	fluent.info	{"message":"shutting down fluentd"}
2016-09-12T19:36:24Z	fluent.info	{"type":"http","plugin_id":"object:2ab9facde6a8","message":"shutting down input type=\"http\" plugin_id=\"object:2ab9facde6a8\""}
2016-09-12T19:38:56Z	fluent.info	{"message":"shutting down fluentd"}
2016-09-12T19:38:56Z	fluent.info	{"type":"http","plugin_id":"object:2ace0c57c40c","message":"shutting down input type=\"http\" plugin_id=\"object:2ace0c57c40c\""}
2016-09-12T20:27:32Z	tag	{"test":"DEF"}
2016-09-12T20:27:32Z	fluent.info	{"message":"Filtering works with worse performance, because [Fluent::Plugin::StdoutFilter] uses `#filter_stream` method."}
2016-09-12T20:27:36Z	tag	{"test":"DEF"}
2016-09-12T20:27:44Z	tag	{"test":"DEF"}
2016-09-12T20:27:45Z	tag	{"test":"DEF"}
2016-09-12T20:27:46Z	tag	{"test":"DEF"}
2016-09-12T20:28:06Z	tag	{"test":"DEF"}
2016-09-12T20:36:58Z	fluent.info	{"message":"shutting down fluentd"}
2016-09-12T20:36:58Z	fluent.info	{"type":"http","plugin_id":"object:2b03c31b2078","message":"preparing shutdown input plugin type=:http plugin_id=\"object:2b03c31b2078\""}
2016-09-12T20:36:58Z	fluent.info	{"type":"file","plugin_id":"object:2b03c2d45df0","message":"preparing shutdown output plugin type=:file plugin_id=\"object:2b03c2d45df0\""}
2016-09-12T20:36:58Z	fluent.info	{"type":"stdout","plugin_id":"object:2b03c2de9c70","message":"preparing shutdown filter plugin type=:stdout plugin_id=\"object:2b03c2de9c70\""}
2016-09-12T20:36:58Z	fluent.info	{"type":"http","plugin_id":"object:2b03c31b2078","message":"shutting down input plugin type=:http plugin_id=\"object:2b03c31b2078\""}
2016-256T20:37.701Z	tag	{"test":"DEF"}
2016-256T20:37.701Z	fluent.info	{"message":"Filtering works with worse performance, because [Fluent::Plugin::StdoutFilter] uses `#filter_stream` method."}
2016-256T20:37.393Z	tag	{"test":"DEF"}
2016-256T20:37.953Z	tag	{"test":"DEF"}
2016-256T20:37.281Z	tag	{"test":"DEF"}
2016-256T20:37.956Z	tag	{"test":"DEF"}
2016-256T20:37.974Z	tag	{"test":"DEF"}
2016-256T20:37.988Z	tag	{"test":"DEF"}
2016-256T20:37.003Z	tag	{"test":"DEF"}
2016-256T20:37.017Z	tag	{"test":"DEF"}
2016-256T20:37.031Z	tag	{"test":"DEF"}
2016-256T20:37.045Z	tag	{"test":"DEF"}
2016-256T20:37.062Z	tag	{"test":"DEF"}
2016-256T20:37.076Z	tag	{"test":"DEF"}
2016-256T20:37.092Z	tag	{"test":"DEF"}
2016-256T20:37.107Z	tag	{"test":"DEF"}
2016-256T20:37.124Z	tag	{"test":"DEF"}
2016-256T20:37.139Z	tag	{"test":"DEF"}
2016-256T20:37.154Z	tag	{"test":"DEF"}
2016-256T20:37.170Z	tag	{"test":"DEF"}
2016-256T20:37.184Z	tag	{"test":"DEF"}
2016-256T20:37.200Z	tag	{"test":"DEF"}
2016-256T20:37.216Z	tag	{"test":"DEF"}
2016-256T20:37.232Z	tag	{"test":"DEF"}
2016-256T20:37.248Z	tag	{"test":"DEF"}
2016-256T20:37.263Z	tag	{"test":"DEF"}
2016-256T20:37.277Z	tag	{"test":"DEF"}
2016-256T20:37.292Z	tag	{"test":"DEF"}
2016-256T20:37.308Z	tag	{"test":"DEF"}
2016-256T20:37.323Z	tag	{"test":"DEF"}
2016-256T20:37.339Z	tag	{"test":"DEF"}
2016-256T20:37.355Z	tag	{"test":"DEF"}
2016-256T20:37.369Z	tag	{"test":"DEF"}
2016-256T20:37.384Z	tag	{"test":"DEF"}
2016-256T20:37.400Z	tag	{"test":"DEF"}
2016-256T20:37.415Z	tag	{"test":"DEF"}
2016-256T20:37.431Z	tag	{"test":"DEF"}
2016-256T20:37.448Z	tag	{"test":"DEF"}
2016-256T20:37.464Z	tag	{"test":"DEF"}
2016-256T20:37.479Z	tag	{"test":"DEF"}
2016-256T20:37.496Z	tag	{"test":"DEF"}
2016-256T20:37.512Z	tag	{"test":"DEF"}
2016-256T20:37.528Z	tag	{"test":"DEF"}
2016-256T20:37.544Z	tag	{"test":"DEF"}
2016-256T20:37.558Z	tag	{"test":"DEF"}
2016-256T20:37.574Z	tag	{"test":"DEF"}
2016-256T20:37.589Z	tag	{"test":"DEF"}
2016-256T20:37.604Z	tag	{"test":"DEF"}
2016-256T20:37.620Z	tag	{"test":"DEF"}
2016-256T20:37.635Z	tag	{"test":"DEF"}
2016-256T20:37.651Z	tag	{"test":"DEF"}
2016-256T20:37.666Z	tag	{"test":"DEF"}
2016-256T20:37.681Z	tag	{"test":"DEF"}
2016-256T20:37.697Z	tag	{"test":"DEF"}
2016-256T20:37.714Z	tag	{"test":"DEF"}
2016-256T20:37.730Z	tag	{"test":"DEF"}
2016-256T20:37.746Z	tag	{"test":"DEF"}
2016-256T20:37.762Z	tag	{"test":"DEF"}
2016-256T20:37.778Z	tag	{"test":"DEF"}
2016-256T20:37.795Z	tag	{"test":"DEF"}
2016-256T20:37.811Z	tag	{"test":"DEF"}
2016-256T20:37.828Z	tag	{"test":"DEF"}
2016-256T20:37.845Z	tag	{"test":"DEF"}
2016-256T20:37.862Z	tag	{"test":"DEF"}
2016-256T20:37.876Z	tag	{"test":"DEF"}
2016-256T20:37.892Z	tag	{"test":"DEF"}
2016-256T20:37.907Z	tag	{"test":"DEF"}
2016-256T20:37.922Z	tag	{"test":"DEF"}
2016-256T20:37.936Z	tag	{"test":"DEF"}
2016-256T20:37.952Z	tag	{"test":"DEF"}
2016-256T20:37.967Z	tag	{"test":"DEF"}
2016-256T20:37.982Z	tag	{"test":"DEF"}
2016-256T20:37.997Z	tag	{"test":"DEF"}
2016-256T20:37.012Z	tag	{"test":"DEF"}
2016-256T20:37.026Z	tag	{"test":"DEF"}
2016-256T20:37.042Z	tag	{"test":"DEF"}
2016-256T20:37.058Z	tag	{"test":"DEF"}
2016-256T20:37.074Z	tag	{"test":"DEF"}
2016-256T20:37.090Z	tag	{"test":"DEF"}
2016-256T20:37.106Z	tag	{"test":"DEF"}
2016-256T20:37.122Z	tag	{"test":"DEF"}
2016-256T20:37.138Z	tag	{"test":"DEF"}
2016-256T20:37.155Z	tag	{"test":"DEF"}
2016-256T20:37.171Z	tag	{"test":"DEF"}
2016-256T20:37.185Z	tag	{"test":"DEF"}
2016-256T20:37.199Z	tag	{"test":"DEF"}
2016-256T20:37.214Z	tag	{"test":"DEF"}
2016-256T20:37.230Z	tag	{"test":"DEF"}
2016-256T20:37.246Z	tag	{"test":"DEF"}
2016-256T20:37.261Z	tag	{"test":"DEF"}
2016-256T20:37.276Z	tag	{"test":"DEF"}
2016-256T20:37.292Z	tag	{"test":"DEF"}
2016-256T20:37.307Z	tag	{"test":"DEF"}
2016-256T20:37.323Z	tag	{"test":"DEF"}
2016-256T20:37.339Z	tag	{"test":"DEF"}
2016-256T20:37.353Z	tag	{"test":"DEF"}
2016-256T20:37.369Z	tag	{"test":"DEF"}
2016-256T20:37.385Z	tag	{"test":"DEF"}
2016-256T20:37.402Z	tag	{"test":"DEF"}
2016-256T20:37.419Z	tag	{"test":"DEF"}
2016-256T20:37.436Z	tag	{"test":"DEF"}
2016-256T20:37.452Z	tag	{"test":"DEF"}
2016-256T20:37.469Z	tag	{"test":"DEF"}
2016-256T20:37.485Z	tag	{"test":"DEF"}
2016-256T20:37.501Z	tag	{"test":"DEF"}
2016-256T20:37.517Z	tag	{"test":"DEF"}
2016-256T20:37.534Z	tag	{"test":"DEF"}
2016-256T20:37.550Z	tag	{"test":"DEF"}
2016-09-12T20:38.983Z	tag	{"test":"DEF"}
2016-09-12T20:38.000Z	tag	{"test":"DEF"}
2016-09-12T20:38.017Z	tag	{"test":"DEF"}
2016-09-12T20:38.032Z	tag	{"test":"DEF"}
2016-09-12T20:38.048Z	tag	{"test":"DEF"}
2016-09-12T20:38.000Z	fluent.info	{"message":"Filtering works with worse performance, because [Fluent::Plugin::StdoutFilter] uses `#filter_stream` method."}
2016-09-12T20:38.063Z	tag	{"test":"DEF"}
2016-09-12T20:38.078Z	tag	{"test":"DEF"}
2016-09-12T20:38.092Z	tag	{"test":"DEF"}
2016-09-12T20:38.107Z	tag	{"test":"DEF"}
2016-09-12T20:38.121Z	tag	{"test":"DEF"}
2016-09-12T20:38.137Z	tag	{"test":"DEF"}
2016-09-12T20:38.155Z	tag	{"test":"DEF"}
2016-09-12T20:38.171Z	tag	{"test":"DEF"}
2016-09-12T20:38.187Z	tag	{"test":"DEF"}
2016-09-12T20:38.202Z	tag	{"test":"DEF"}
2016-09-12T20:38.218Z	tag	{"test":"DEF"}
2016-09-12T20:38.232Z	tag	{"test":"DEF"}
2016-09-12T20:38.248Z	tag	{"test":"DEF"}
2016-09-12T20:38.264Z	tag	{"test":"DEF"}
2016-09-12T20:38.280Z	tag	{"test":"DEF"}
2016-09-12T20:38.295Z	tag	{"test":"DEF"}
2016-09-12T20:38.310Z	tag	{"test":"DEF"}
2016-09-12T20:38.325Z	tag	{"test":"DEF"}
2016-09-12T20:38.342Z	tag	{"test":"DEF"}
2016-09-12T20:38.358Z	tag	{"test":"DEF"}
2016-09-12T20:38.373Z	tag	{"test":"DEF"}
2016-09-12T20:38.388Z	tag	{"test":"DEF"}
2016-09-12T20:38.404Z	tag	{"test":"DEF"}
2016-09-12T20:38.420Z	tag	{"test":"DEF"}
2016-09-12T20:38.436Z	tag	{"test":"DEF"}
2016-09-12T20:38.452Z	tag	{"test":"DEF"}
2016-09-12T20:38.468Z	tag	{"test":"DEF"}
2016-09-12T20:38.484Z	tag	{"test":"DEF"}
2016-09-12T20:38.499Z	tag	{"test":"DEF"}
2016-09-12T20:38.514Z	tag	{"test":"DEF"}
2016-09-12T20:38.529Z	tag	{"test":"DEF"}
2016-09-12T20:38.544Z	tag	{"test":"DEF"}
2016-09-12T20:38.560Z	tag	{"test":"DEF"}
2016-09-12T20:38.574Z	tag	{"test":"DEF"}
2016-09-12T20:38.589Z	tag	{"test":"DEF"}
2016-09-12T20:38.605Z	tag	{"test":"DEF"}
2016-09-12T20:38.621Z	tag	{"test":"DEF"}
2016-09-12T20:38.637Z	tag	{"test":"DEF"}
2016-09-12T20:38.653Z	tag	{"test":"DEF"}
2016-09-12T20:38.669Z	tag	{"test":"DEF"}
2016-09-12T20:38.686Z	tag	{"test":"DEF"}
2016-09-12T20:38.701Z	tag	{"test":"DEF"}
2016-09-12T20:38.716Z	tag	{"test":"DEF"}
2016-09-12T20:38.732Z	tag	{"test":"DEF"}
2016-09-12T20:38.748Z	tag	{"test":"DEF"}
2016-09-12T20:38.764Z	tag	{"test":"DEF"}
2016-09-12T20:38.779Z	tag	{"test":"DEF"}
2016-09-12T20:38.795Z	tag	{"test":"DEF"}
2016-09-12T20:38.810Z	tag	{"test":"DEF"}
2016-09-12T20:38.826Z	tag	{"test":"DEF"}
2016-09-12T20:38.842Z	tag	{"test":"DEF"}
2016-09-12T20:38.858Z	tag	{"test":"DEF"}
2016-09-12T20:38.874Z	tag	{"test":"DEF"}
2016-09-12T20:38.888Z	tag	{"test":"DEF"}
2016-09-12T20:38.902Z	tag	{"test":"DEF"}
2016-09-12T20:38.916Z	tag	{"test":"DEF"}
2016-09-12T20:38.936Z	tag	{"test":"DEF"}
2016-09-12T20:38.952Z	tag	{"test":"DEF"}
2016-09-12T20:38.967Z	tag	{"test":"DEF"}
2016-09-12T20:38.982Z	tag	{"test":"DEF"}
2016-09-12T20:38.996Z	tag	{"test":"DEF"}
2016-09-12T20:38.009Z	tag	{"test":"DEF"}
2016-09-12T20:38.023Z	tag	{"test":"DEF"}
2016-09-12T20:38.036Z	tag	{"test":"DEF"}
2016-09-12T20:38.052Z	tag	{"test":"DEF"}
2016-09-12T20:38.068Z	tag	{"test":"DEF"}
2016-09-12T20:38.085Z	tag	{"test":"DEF"}
2016-09-12T20:38.101Z	tag	{"test":"DEF"}
2016-09-12T20:38.116Z	tag	{"test":"DEF"}
2016-09-12T20:38.131Z	tag	{"test":"DEF"}
2016-09-12T20:38.146Z	tag	{"test":"DEF"}
2016-09-12T20:38.162Z	tag	{"test":"DEF"}
2016-09-12T20:38.178Z	tag	{"test":"DEF"}
2016-09-12T20:38.192Z	tag	{"test":"DEF"}
2016-09-12T20:38.206Z	tag	{"test":"DEF"}
2016-09-12T20:38.221Z	tag	{"test":"DEF"}
2016-09-12T20:38.236Z	tag	{"test":"DEF"}
2016-09-12T20:38.251Z	tag	{"test":"DEF"}
2016-09-12T20:38.267Z	tag	{"test":"DEF"}
2016-09-12T20:38.282Z	tag	{"test":"DEF"}
2016-09-12T20:38.296Z	tag	{"test":"DEF"}
2016-09-12T20:38.311Z	tag	{"test":"DEF"}
2016-09-12T20:38.325Z	tag	{"test":"DEF"}
2016-09-12T20:38.340Z	tag	{"test":"DEF"}
2016-09-12T20:38.355Z	tag	{"test":"DEF"}
2016-09-12T20:38.371Z	tag	{"test":"DEF"}
2016-09-12T20:38.386Z	tag	{"test":"DEF"}
2016-09-12T20:38.402Z	tag	{"test":"DEF"}
2016-09-12T20:38.418Z	tag	{"test":"DEF"}
2016-09-12T20:38.435Z	tag	{"test":"DEF"}
2016-09-12T20:38.451Z	tag	{"test":"DEF"}
2016-09-12T20:38.467Z	tag	{"test":"DEF"}
2016-09-12T20:38.484Z	tag	{"test":"DEF"}
2016-09-12T20:38.499Z	tag	{"test":"DEF"}
2016-09-12T20:38.513Z	tag	{"test":"DEF"}
2016-09-12T20:38.529Z	tag	{"test":"DEF"}
2016-09-12T20:38.545Z	tag	{"test":"DEF"}
2016-09-12T20:38.561Z	tag	{"test":"DEF"}
2016-09-12T20:38.575Z	tag	{"test":"DEF"}
2016-09-12T20:38.592Z	tag	{"test":"DEF"}
2016-09-12T20:38.607Z	tag	{"test":"DEF"}
2016-09-12T20:38.622Z	tag	{"test":"DEF"}
2016-09-12T20:38.638Z	tag	{"test":"DEF"}
2016-09-12T20:38.654Z	tag	{"test":"DEF"}
2016-09-12T20:38.670Z	tag	{"test":"DEF"}
2016-09-12T20:38.684Z	tag	{"test":"DEF"}
2016-09-12T20:38.700Z	tag	{"test":"DEF"}
2016-09-12T20:38.715Z	tag	{"test":"DEF"}
2016-09-12T20:38.731Z	tag	{"test":"DEF"}
2016-09-12T20:38.747Z	tag	{"test":"DEF"}
2016-09-12T20:38.762Z	tag	{"test":"DEF"}
2016-09-12T20:38.777Z	tag	{"test":"DEF"}
2016-09-12T20:38.792Z	tag	{"test":"DEF"}
2016-09-12T20:38.808Z	tag	{"test":"DEF"}
2016-09-12T20:38.820Z	tag	{"test":"DEF"}
2016-09-12T20:38.835Z	tag	{"test":"DEF"}
2016-09-12T20:38.851Z	tag	{"test":"DEF"}
2016-09-12T20:38.868Z	tag	{"test":"DEF"}
2016-09-12T20:38.883Z	tag	{"test":"DEF"}
2016-09-12T20:38.899Z	tag	{"test":"DEF"}
2016-09-12T20:38.915Z	tag	{"test":"DEF"}
2016-09-12T20:38.932Z	tag	{"test":"DEF"}
2016-09-12T20:38.948Z	tag	{"test":"DEF"}
2016-09-12T20:38.964Z	tag	{"test":"DEF"}
2016-09-12T20:38.981Z	tag	{"test":"DEF"}
2016-09-12T20:38.997Z	tag	{"test":"DEF"}
2016-09-12T20:38.013Z	tag	{"test":"DEF"}
2016-09-12T20:38.030Z	tag	{"test":"DEF"}
2016-09-12T20:38.046Z	tag	{"test":"DEF"}
2016-09-12T20:42:05.159Z	tag	{"test":"DEF"}
2016-09-12T20:42:05.159Z	fluent.info	{"message":"Filtering works with worse performance, because [Fluent::Plugin::StdoutFilter] uses `#filter_stream` method."}
2016-09-12T20:42:14.878Z	tag	{"test":"DEF"}
2016-09-12T20:42:14.894Z	tag	{"test":"DEF"}
2016-09-12T20:42:14.909Z	tag	{"test":"DEF"}
2016-09-12T20:42:14.923Z	tag	{"test":"DEF"}
2016-09-12T20:42:14.936Z	tag	{"test":"DEF"}
2016-09-12T20:42:14.952Z	tag	{"test":"DEF"}
2016-09-12T20:42:14.968Z	tag	{"test":"DEF"}
2016-09-12T20:42:14.983Z	tag	{"test":"DEF"}
2016-09-12T20:42:14.999Z	tag	{"test":"DEF"}
2016-09-12T20:42:15.015Z	tag	{"test":"DEF"}
2016-09-12T20:42:15.030Z	tag	{"test":"DEF"}
2016-09-12T20:42:15.046Z	tag	{"test":"DEF"}
2016-09-12T20:42:15.062Z	tag	{"test":"DEF"}
2016-09-12T20:42:15.078Z	tag	{"test":"DEF"}
2016-09-12T20:42:15.093Z	tag	{"test":"DEF"}
2016-09-12T20:42:15.109Z	tag	{"test":"DEF"}
2016-09-12T20:42:15.125Z	tag	{"test":"DEF"}
2016-09-12T20:42:15.142Z	tag	{"test":"DEF"}
2016-09-12T20:42:15.158Z	tag	{"test":"DEF"}
2016-09-12T20:42:15.173Z	tag	{"test":"DEF"}
2016-09-12T20:42:15.188Z	tag	{"test":"DEF"}
2016-09-12T20:42:15.204Z	tag	{"test":"DEF"}
2016-09-12T20:42:15.220Z	tag	{"test":"DEF"}
2016-09-12T20:42:15.236Z	tag	{"test":"DEF"}
2016-09-12T20:42:15.252Z	tag	{"test":"DEF"}
2016-09-12T20:42:15.267Z	tag	{"test":"DEF"}
2016-09-12T20:42:15.282Z	tag	{"test":"DEF"}
2016-09-12T20:42:15.299Z	tag	{"test":"DEF"}
2016-09-12T20:42:15.316Z	tag	{"test":"DEF"}
2016-09-12T20:42:15.332Z	tag	{"test":"DEF"}
2016-09-12T20:42:15.347Z	tag	{"test":"DEF"}
2016-09-12T20:42:15.363Z	tag	{"test":"DEF"}
2016-09-12T20:42:15.379Z	tag	{"test":"DEF"}
2016-09-12T20:42:15.395Z	tag	{"test":"DEF"}
2016-09-12T20:42:15.410Z	tag	{"test":"DEF"}
2016-09-12T20:42:15.425Z	tag	{"test":"DEF"}
2016-09-12T20:42:15.440Z	tag	{"test":"DEF"}
2016-09-12T20:42:15.456Z	tag	{"test":"DEF"}
2016-09-12T20:42:15.472Z	tag	{"test":"DEF"}
2016-09-12T20:42:15.488Z	tag	{"test":"DEF"}
2016-09-12T20:42:15.504Z	tag	{"test":"DEF"}
2016-09-12T20:42:15.520Z	tag	{"test":"DEF"}
2016-09-12T20:42:15.536Z	tag	{"test":"DEF"}
2016-09-12T20:42:15.550Z	tag	{"test":"DEF"}
2016-09-12T20:42:15.565Z	tag	{"test":"DEF"}
2016-09-12T20:42:15.581Z	tag	{"test":"DEF"}
2016-09-12T20:42:15.597Z	tag	{"test":"DEF"}
2016-09-12T20:42:15.612Z	tag	{"test":"DEF"}
2016-09-12T20:42:15.628Z	tag	{"test":"DEF"}
2016-09-12T20:42:15.643Z	tag	{"test":"DEF"}
2016-09-12T20:42:15.659Z	tag	{"test":"DEF"}
2016-09-12T20:42:15.676Z	tag	{"test":"DEF"}
2016-09-12T20:42:15.692Z	tag	{"test":"DEF"}
2016-09-12T20:42:15.708Z	tag	{"test":"DEF"}
2016-09-12T20:42:15.723Z	tag	{"test":"DEF"}
2016-09-12T20:42:15.738Z	tag	{"test":"DEF"}
2016-09-12T20:42:15.753Z	tag	{"test":"DEF"}
2016-09-12T20:42:15.769Z	tag	{"test":"DEF"}
2016-09-12T20:42:15.785Z	tag	{"test":"DEF"}
2016-09-12T20:42:15.801Z	tag	{"test":"DEF"}
2016-09-12T20:42:15.818Z	tag	{"test":"DEF"}
2016-09-12T20:42:15.832Z	tag	{"test":"DEF"}
2016-09-12T20:42:15.847Z	tag	{"test":"DEF"}
2016-09-12T20:42:15.862Z	tag	{"test":"DEF"}
2016-09-12T20:42:15.878Z	tag	{"test":"DEF"}
2016-09-12T20:42:15.895Z	tag	{"test":"DEF"}
2016-09-12T20:42:15.912Z	tag	{"test":"DEF"}
2016-09-12T20:42:15.928Z	tag	{"test":"DEF"}
2016-09-12T20:42:15.944Z	tag	{"test":"DEF"}
2016-09-12T20:42:15.959Z	tag	{"test":"DEF"}
2016-09-12T20:42:15.975Z	tag	{"test":"DEF"}
2016-09-12T20:42:15.990Z	tag	{"test":"DEF"}
2016-09-12T20:42:16.005Z	tag	{"test":"DEF"}
2016-09-12T20:42:16.020Z	tag	{"test":"DEF"}
2016-09-12T20:42:16.036Z	tag	{"test":"DEF"}
2016-09-12T20:42:16.052Z	tag	{"test":"DEF"}
2016-09-12T20:42:16.069Z	tag	{"test":"DEF"}
2016-09-12T20:42:16.083Z	tag	{"test":"DEF"}
2016-09-12T20:42:16.097Z	tag	{"test":"DEF"}
2016-09-12T20:42:16.112Z	tag	{"test":"DEF"}
2016-09-12T20:42:16.128Z	tag	{"test":"DEF"}
2016-09-12T20:42:16.142Z	tag	{"test":"DEF"}
2016-09-12T20:42:16.156Z	tag	{"test":"DEF"}
2016-09-12T20:42:16.170Z	tag	{"test":"DEF"}
2016-09-12T20:42:16.185Z	tag	{"test":"DEF"}
2016-09-12T20:42:16.201Z	tag	{"test":"DEF"}
2016-09-12T20:42:16.217Z	tag	{"test":"DEF"}
2016-09-12T20:42:16.232Z	tag	{"test":"DEF"}
2016-09-12T20:42:16.248Z	tag	{"test":"DEF"}
2016-09-12T20:42:16.265Z	tag	{"test":"DEF"}
2016-09-12T20:42:16.281Z	tag	{"test":"DEF"}
2016-09-12T20:42:16.296Z	tag	{"test":"DEF"}
2016-09-12T20:42:16.312Z	tag	{"test":"DEF"}
2016-09-12T20:42:16.328Z	tag	{"test":"DEF"}
2016-09-12T20:42:16.343Z	tag	{"test":"DEF"}
2016-09-12T20:42:16.359Z	tag	{"test":"DEF"}
2016-09-12T20:42:16.375Z	tag	{"test":"DEF"}
2016-09-12T20:42:16.391Z	tag	{"test":"DEF"}
2016-09-12T20:42:16.408Z	tag	{"test":"DEF"}
2016-09-12T20:42:16.424Z	tag	{"test":"DEF"}
2016-09-12T20:43:02Z	tag	{"test":"DEF"}
2016-09-12T20:43:02Z	fluent.info	{"message":"Filtering works with worse performance, because [Fluent::Plugin::StdoutFilter] uses `#filter_stream` method."}
2016-09-12T20:43:05Z	tag	{"test":"DEF"}
